2024-09-13 22:04:51,849 - INFO - 开始处理目录：E:\[Game]\[PC]\THE IDOLM STER STARLIT SEASON\[Tool]\UnrealPak\[ICON]\[E]
2024-09-13 22:04:51,851 - INFO - 创建目录：E:\[Game]\[PC]\THE IDOLM STER STARLIT SEASON\[Tool]\UnrealPak\[ICON]\[E]\0960 - stream_sailor_inner\StarlitSeason\Content
2024-09-13 22:04:51,852 - INFO - 移动文件夹：E:\[Game]\[PC]\THE IDOLM STER STARLIT SEASON\[Tool]\UnrealPak\[ICON]\[E]\0960 - stream_sailor_inner\Model -> E:\[Game]\[PC]\THE IDOLM STER STARLIT SEASON\[Tool]\UnrealPak\[ICON]\[E]\0960 - stream_sailor_inner\StarlitSeason\Content\Model
2024-09-13 22:05:34,537 - INFO - 开始处理目录：E:\[Game]\[PC]\THE IDOLM STER STARLIT SEASON\[Tool]\UnrealPak\[ICON]\[E]
2024-09-13 22:05:34,540 - INFO - 创建目录：E:\[Game]\[PC]\THE IDOLM STER STARLIT SEASON\[Tool]\UnrealPak\[ICON]\[E]\0961 - stream_sailor_nopan\StarlitSeason\Content
2024-09-13 22:05:34,541 - INFO - 移动文件夹：E:\[Game]\[PC]\THE IDOLM STER STARLIT SEASON\[Tool]\UnrealPak\[ICON]\[E]\0961 - stream_sailor_nopan\Model -> E:\[Game]\[PC]\THE IDOLM STER STARLIT SEASON\[Tool]\UnrealPak\[ICON]\[E]\0961 - stream_sailor_nopan\StarlitSeason\Content\Model
2024-09-13 22:06:08,848 - INFO - 开始处理目录：E:\[Game]\[PC]\THE IDOLM STER STARLIT SEASON\[Tool]\UnrealPak\[ICON]\[E]
2024-09-13 22:06:08,851 - INFO - 创建目录：E:\[Game]\[PC]\THE IDOLM STER STARLIT SEASON\[Tool]\UnrealPak\[ICON]\[E]\0962 - SZK_Cos101_B\StarlitSeason\Content
2024-09-13 22:06:08,852 - INFO - 移动文件夹：E:\[Game]\[PC]\THE IDOLM STER STARLIT SEASON\[Tool]\UnrealPak\[ICON]\[E]\0962 - SZK_Cos101_B\Model -> E:\[Game]\[PC]\THE IDOLM STER STARLIT SEASON\[Tool]\UnrealPak\[ICON]\[E]\0962 - SZK_Cos101_B\StarlitSeason\Content\Model
2024-09-13 22:10:00,866 - INFO - 开始处理目录：E:\[Game]\[PC]\THE IDOLM STER STARLIT SEASON\[Tool]\UnrealPak\[ICON]\[E]
2024-09-13 22:10:00,870 - INFO - 创建目录：E:\[Game]\[PC]\THE IDOLM STER STARLIT SEASON\[Tool]\UnrealPak\[ICON]\[E]\0963 - SZK_Cos101_B_CB\StarlitSeason\Content
2024-09-13 22:10:00,871 - INFO - 移动文件夹：E:\[Game]\[PC]\THE IDOLM STER STARLIT SEASON\[Tool]\UnrealPak\[ICON]\[E]\0963 - SZK_Cos101_B_CB\Model -> E:\[Game]\[PC]\THE IDOLM STER STARLIT SEASON\[Tool]\UnrealPak\[ICON]\[E]\0963 - SZK_Cos101_B_CB\StarlitSeason\Content\Model
2024-09-13 22:10:00,872 - INFO - 创建目录：E:\[Game]\[PC]\THE IDOLM STER STARLIT SEASON\[Tool]\UnrealPak\[ICON]\[E]\0964 - SZK_Cos101_B_White\StarlitSeason\Content
2024-09-13 22:10:00,873 - INFO - 移动文件夹：E:\[Game]\[PC]\THE IDOLM STER STARLIT SEASON\[Tool]\UnrealPak\[ICON]\[E]\0964 - SZK_Cos101_B_White\Model -> E:\[Game]\[PC]\THE IDOLM STER STARLIT SEASON\[Tool]\UnrealPak\[ICON]\[E]\0964 - SZK_Cos101_B_White\StarlitSeason\Content\Model
2024-09-13 22:10:00,875 - INFO - 创建目录：E:\[Game]\[PC]\THE IDOLM STER STARLIT SEASON\[Tool]\UnrealPak\[ICON]\[E]\0965 - Cos104 topless\StarlitSeason\Content
2024-09-13 22:10:00,876 - INFO - 移动文件夹：E:\[Game]\[PC]\THE IDOLM STER STARLIT SEASON\[Tool]\UnrealPak\[ICON]\[E]\0965 - Cos104 topless\Model -> E:\[Game]\[PC]\THE IDOLM STER STARLIT SEASON\[Tool]\UnrealPak\[ICON]\[E]\0965 - Cos104 topless\StarlitSeason\Content\Model
2024-09-13 22:10:00,878 - INFO - 创建目录：E:\[Game]\[PC]\THE IDOLM STER STARLIT SEASON\[Tool]\UnrealPak\[ICON]\[E]\0966 - SZK_Cos104_Pink\StarlitSeason\Content
2024-09-13 22:10:00,878 - INFO - 移动文件夹：E:\[Game]\[PC]\THE IDOLM STER STARLIT SEASON\[Tool]\UnrealPak\[ICON]\[E]\0966 - SZK_Cos104_Pink\Effect -> E:\[Game]\[PC]\THE IDOLM STER STARLIT SEASON\[Tool]\UnrealPak\[ICON]\[E]\0966 - SZK_Cos104_Pink\StarlitSeason\Content\Effect
2024-09-13 22:10:00,879 - INFO - 移动文件夹：E:\[Game]\[PC]\THE IDOLM STER STARLIT SEASON\[Tool]\UnrealPak\[ICON]\[E]\0966 - SZK_Cos104_Pink\Model -> E:\[Game]\[PC]\THE IDOLM STER STARLIT SEASON\[Tool]\UnrealPak\[ICON]\[E]\0966 - SZK_Cos104_Pink\StarlitSeason\Content\Model
2024-09-13 22:10:00,881 - INFO - 创建目录：E:\[Game]\[PC]\THE IDOLM STER STARLIT SEASON\[Tool]\UnrealPak\[ICON]\[E]\0967 - SZK_Cos104_Blue\StarlitSeason\Content
2024-09-13 22:10:00,882 - INFO - 移动文件夹：E:\[Game]\[PC]\THE IDOLM STER STARLIT SEASON\[Tool]\UnrealPak\[ICON]\[E]\0967 - SZK_Cos104_Blue\Effect -> E:\[Game]\[PC]\THE IDOLM STER STARLIT SEASON\[Tool]\UnrealPak\[ICON]\[E]\0967 - SZK_Cos104_Blue\StarlitSeason\Content\Effect
2024-09-13 22:10:00,883 - INFO - 移动文件夹：E:\[Game]\[PC]\THE IDOLM STER STARLIT SEASON\[Tool]\UnrealPak\[ICON]\[E]\0967 - SZK_Cos104_Blue\Model -> E:\[Game]\[PC]\THE IDOLM STER STARLIT SEASON\[Tool]\UnrealPak\[ICON]\[E]\0967 - SZK_Cos104_Blue\StarlitSeason\Content\Model
2024-09-13 22:10:00,885 - INFO - 创建目录：E:\[Game]\[PC]\THE IDOLM STER STARLIT SEASON\[Tool]\UnrealPak\[ICON]\[E]\0968 - cos104A_DanceOnTheGalaxy-BandageGalaxy_B_icon\StarlitSeason\Content
2024-09-13 22:10:00,886 - INFO - 移动文件夹：E:\[Game]\[PC]\THE IDOLM STER STARLIT SEASON\[Tool]\UnrealPak\[ICON]\[E]\0968 - cos104A_DanceOnTheGalaxy-BandageGalaxy_B_icon\Model -> E:\[Game]\[PC]\THE IDOLM STER STARLIT SEASON\[Tool]\UnrealPak\[ICON]\[E]\0968 - cos104A_DanceOnTheGalaxy-BandageGalaxy_B_icon\StarlitSeason\Content\Model
2024-09-13 22:10:00,888 - INFO - 创建目录：E:\[Game]\[PC]\THE IDOLM STER STARLIT SEASON\[Tool]\UnrealPak\[ICON]\[E]\0969 - cos104A_DanceOnTheGalaxy-BandageGalaxy_A_icon\StarlitSeason\Content
2024-09-13 22:10:00,889 - INFO - 移动文件夹：E:\[Game]\[PC]\THE IDOLM STER STARLIT SEASON\[Tool]\UnrealPak\[ICON]\[E]\0969 - cos104A_DanceOnTheGalaxy-BandageGalaxy_A_icon\Model -> E:\[Game]\[PC]\THE IDOLM STER STARLIT SEASON\[Tool]\UnrealPak\[ICON]\[E]\0969 - cos104A_DanceOnTheGalaxy-BandageGalaxy_A_icon\StarlitSeason\Content\Model
2024-09-13 22:10:00,890 - INFO - 创建目录：E:\[Game]\[PC]\THE IDOLM STER STARLIT SEASON\[Tool]\UnrealPak\[ICON]\[E]\0970 - dream_of_winter_topless\StarlitSeason\Content
2024-09-13 22:10:00,892 - INFO - 移动文件夹：E:\[Game]\[PC]\THE IDOLM STER STARLIT SEASON\[Tool]\UnrealPak\[ICON]\[E]\0970 - dream_of_winter_topless\Model -> E:\[Game]\[PC]\THE IDOLM STER STARLIT SEASON\[Tool]\UnrealPak\[ICON]\[E]\0970 - dream_of_winter_topless\StarlitSeason\Content\Model
2024-09-13 22:10:00,893 - INFO - 创建目录：E:\[Game]\[PC]\THE IDOLM STER STARLIT SEASON\[Tool]\UnrealPak\[ICON]\[E]\0971 - cos012 Ver.Salt\StarlitSeason\Content
2024-09-13 22:10:00,894 - INFO - 移动文件夹：E:\[Game]\[PC]\THE IDOLM STER STARLIT SEASON\[Tool]\UnrealPak\[ICON]\[E]\0971 - cos012 Ver.Salt\Model -> E:\[Game]\[PC]\THE IDOLM STER STARLIT SEASON\[Tool]\UnrealPak\[ICON]\[E]\0971 - cos012 Ver.Salt\StarlitSeason\Content\Model
2024-09-13 22:10:00,896 - INFO - 创建目录：E:\[Game]\[PC]\THE IDOLM STER STARLIT SEASON\[Tool]\UnrealPak\[ICON]\[E]\0972 - cos012_marudashi_icon\StarlitSeason\Content
2024-09-13 22:10:00,897 - INFO - 移动文件夹：E:\[Game]\[PC]\THE IDOLM STER STARLIT SEASON\[Tool]\UnrealPak\[ICON]\[E]\0972 - cos012_marudashi_icon\Model -> E:\[Game]\[PC]\THE IDOLM STER STARLIT SEASON\[Tool]\UnrealPak\[ICON]\[E]\0972 - cos012_marudashi_icon\StarlitSeason\Content\Model
2024-09-13 22:10:00,898 - INFO - 创建目录：E:\[Game]\[PC]\THE IDOLM STER STARLIT SEASON\[Tool]\UnrealPak\[ICON]\[E]\0973 - SZK_Cos012_NoPantu\StarlitSeason\Content
2024-09-13 22:10:00,899 - INFO - 移动文件夹：E:\[Game]\[PC]\THE IDOLM STER STARLIT SEASON\[Tool]\UnrealPak\[ICON]\[E]\0973 - SZK_Cos012_NoPantu\Model -> E:\[Game]\[PC]\THE IDOLM STER STARLIT SEASON\[Tool]\UnrealPak\[ICON]\[E]\0973 - SZK_Cos012_NoPantu\StarlitSeason\Content\Model
2024-09-13 22:10:00,901 - INFO - 创建目录：E:\[Game]\[PC]\THE IDOLM STER STARLIT SEASON\[Tool]\UnrealPak\[ICON]\[E]\0974 - SZK_Cos012_Noskirt\StarlitSeason\Content
2024-09-13 22:10:00,902 - INFO - 移动文件夹：E:\[Game]\[PC]\THE IDOLM STER STARLIT SEASON\[Tool]\UnrealPak\[ICON]\[E]\0974 - SZK_Cos012_Noskirt\Model -> E:\[Game]\[PC]\THE IDOLM STER STARLIT SEASON\[Tool]\UnrealPak\[ICON]\[E]\0974 - SZK_Cos012_Noskirt\StarlitSeason\Content\Model
2024-09-13 22:10:00,903 - INFO - 创建目录：E:\[Game]\[PC]\THE IDOLM STER STARLIT SEASON\[Tool]\UnrealPak\[ICON]\[E]\0975 - cos107pan2_icon\StarlitSeason\Content
2024-09-13 22:10:00,904 - INFO - 移动文件夹：E:\[Game]\[PC]\THE IDOLM STER STARLIT SEASON\[Tool]\UnrealPak\[ICON]\[E]\0975 - cos107pan2_icon\Model -> E:\[Game]\[PC]\THE IDOLM STER STARLIT SEASON\[Tool]\UnrealPak\[ICON]\[E]\0975 - cos107pan2_icon\StarlitSeason\Content\Model
2024-09-13 22:10:00,906 - INFO - 创建目录：E:\[Game]\[PC]\THE IDOLM STER STARLIT SEASON\[Tool]\UnrealPak\[ICON]\[E]\0977 - SZ_Cos102_Topless_V4\StarlitSeason\Content
2024-09-13 22:10:00,906 - INFO - 移动文件夹：E:\[Game]\[PC]\THE IDOLM STER STARLIT SEASON\[Tool]\UnrealPak\[ICON]\[E]\0977 - SZ_Cos102_Topless_V4\Model -> E:\[Game]\[PC]\THE IDOLM STER STARLIT SEASON\[Tool]\UnrealPak\[ICON]\[E]\0977 - SZ_Cos102_Topless_V4\StarlitSeason\Content\Model
2024-09-13 22:10:00,908 - INFO - 创建目录：E:\[Game]\[PC]\THE IDOLM STER STARLIT SEASON\[Tool]\UnrealPak\[ICON]\[E]\0978 - SZ_Cos102_Topless_Ver.a\StarlitSeason\Content
2024-09-13 22:10:00,909 - INFO - 移动文件夹：E:\[Game]\[PC]\THE IDOLM STER STARLIT SEASON\[Tool]\UnrealPak\[ICON]\[E]\0978 - SZ_Cos102_Topless_Ver.a\Model -> E:\[Game]\[PC]\THE IDOLM STER STARLIT SEASON\[Tool]\UnrealPak\[ICON]\[E]\0978 - SZ_Cos102_Topless_Ver.a\StarlitSeason\Content\Model
2024-09-13 22:10:00,910 - INFO - 创建目录：E:\[Game]\[PC]\THE IDOLM STER STARLIT SEASON\[Tool]\UnrealPak\[ICON]\[E]\0979 - SZK_Cos102_Nopan_V3\StarlitSeason\Content
2024-09-13 22:10:00,911 - INFO - 移动文件夹：E:\[Game]\[PC]\THE IDOLM STER STARLIT SEASON\[Tool]\UnrealPak\[ICON]\[E]\0979 - SZK_Cos102_Nopan_V3\Model -> E:\[Game]\[PC]\THE IDOLM STER STARLIT SEASON\[Tool]\UnrealPak\[ICON]\[E]\0979 - SZK_Cos102_Nopan_V3\StarlitSeason\Content\Model
2024-09-13 22:10:00,913 - INFO - 创建目录：E:\[Game]\[PC]\THE IDOLM STER STARLIT SEASON\[Tool]\UnrealPak\[ICON]\[E]\0980 - SZ_Cos102_Nopan\StarlitSeason\Content
2024-09-13 22:10:00,914 - INFO - 移动文件夹：E:\[Game]\[PC]\THE IDOLM STER STARLIT SEASON\[Tool]\UnrealPak\[ICON]\[E]\0980 - SZ_Cos102_Nopan\Model -> E:\[Game]\[PC]\THE IDOLM STER STARLIT SEASON\[Tool]\UnrealPak\[ICON]\[E]\0980 - SZ_Cos102_Nopan\StarlitSeason\Content\Model
2024-09-13 22:10:00,915 - INFO - 创建目录：E:\[Game]\[PC]\THE IDOLM STER STARLIT SEASON\[Tool]\UnrealPak\[ICON]\[E]\0981 - SZK_Cos103_Nopan\StarlitSeason\Content
2024-09-13 22:10:00,916 - INFO - 移动文件夹：E:\[Game]\[PC]\THE IDOLM STER STARLIT SEASON\[Tool]\UnrealPak\[ICON]\[E]\0981 - SZK_Cos103_Nopan\Model -> E:\[Game]\[PC]\THE IDOLM STER STARLIT SEASON\[Tool]\UnrealPak\[ICON]\[E]\0981 - SZK_Cos103_Nopan\StarlitSeason\Content\Model
2024-09-13 22:10:00,918 - INFO - 创建目录：E:\[Game]\[PC]\THE IDOLM STER STARLIT SEASON\[Tool]\UnrealPak\[ICON]\[E]\0982 - heart_pink\StarlitSeason\Content
2024-09-13 22:10:00,918 - INFO - 移动文件夹：E:\[Game]\[PC]\THE IDOLM STER STARLIT SEASON\[Tool]\UnrealPak\[ICON]\[E]\0982 - heart_pink\Model -> E:\[Game]\[PC]\THE IDOLM STER STARLIT SEASON\[Tool]\UnrealPak\[ICON]\[E]\0982 - heart_pink\StarlitSeason\Content\Model
2024-09-13 22:10:00,920 - INFO - 创建目录：E:\[Game]\[PC]\THE IDOLM STER STARLIT SEASON\[Tool]\UnrealPak\[ICON]\[E]\0983 - heart_bl\StarlitSeason\Content
2024-09-13 22:10:00,921 - INFO - 移动文件夹：E:\[Game]\[PC]\THE IDOLM STER STARLIT SEASON\[Tool]\UnrealPak\[ICON]\[E]\0983 - heart_bl\Model -> E:\[Game]\[PC]\THE IDOLM STER STARLIT SEASON\[Tool]\UnrealPak\[ICON]\[E]\0983 - heart_bl\StarlitSeason\Content\Model
2024-09-13 22:10:00,923 - INFO - 创建目录：E:\[Game]\[PC]\THE IDOLM STER STARLIT SEASON\[Tool]\UnrealPak\[ICON]\[E]\0984 - SZK_Cos103_Zai\StarlitSeason\Content
2024-09-13 22:10:00,924 - INFO - 移动文件夹：E:\[Game]\[PC]\THE IDOLM STER STARLIT SEASON\[Tool]\UnrealPak\[ICON]\[E]\0984 - SZK_Cos103_Zai\Model -> E:\[Game]\[PC]\THE IDOLM STER STARLIT SEASON\[Tool]\UnrealPak\[ICON]\[E]\0984 - SZK_Cos103_Zai\StarlitSeason\Content\Model
2024-09-13 22:10:00,926 - INFO - 创建目录：E:\[Game]\[PC]\THE IDOLM STER STARLIT SEASON\[Tool]\UnrealPak\[ICON]\[E]\0985 - NobleHeartTopless Skinsdw\StarlitSeason\Content
2024-09-13 22:10:00,927 - INFO - 移动文件夹：E:\[Game]\[PC]\THE IDOLM STER STARLIT SEASON\[Tool]\UnrealPak\[ICON]\[E]\0985 - NobleHeartTopless Skinsdw\Model -> E:\[Game]\[PC]\THE IDOLM STER STARLIT SEASON\[Tool]\UnrealPak\[ICON]\[E]\0985 - NobleHeartTopless Skinsdw\StarlitSeason\Content\Model
2024-09-13 22:10:00,929 - INFO - 创建目录：E:\[Game]\[PC]\THE IDOLM STER STARLIT SEASON\[Tool]\UnrealPak\[ICON]\[E]\0986 - unlimited_summer_topress_v2\StarlitSeason\Content
2024-09-13 22:10:00,930 - INFO - 移动文件夹：E:\[Game]\[PC]\THE IDOLM STER STARLIT SEASON\[Tool]\UnrealPak\[ICON]\[E]\0986 - unlimited_summer_topress_v2\Model -> E:\[Game]\[PC]\THE IDOLM STER STARLIT SEASON\[Tool]\UnrealPak\[ICON]\[E]\0986 - unlimited_summer_topress_v2\StarlitSeason\Content\Model
2024-09-13 22:10:00,932 - INFO - 创建目录：E:\[Game]\[PC]\THE IDOLM STER STARLIT SEASON\[Tool]\UnrealPak\[ICON]\[E]\0987 - unlimited_summer_nopan_v2\StarlitSeason\Content
2024-09-13 22:10:00,933 - INFO - 移动文件夹：E:\[Game]\[PC]\THE IDOLM STER STARLIT SEASON\[Tool]\UnrealPak\[ICON]\[E]\0987 - unlimited_summer_nopan_v2\Model -> E:\[Game]\[PC]\THE IDOLM STER STARLIT SEASON\[Tool]\UnrealPak\[ICON]\[E]\0987 - unlimited_summer_nopan_v2\StarlitSeason\Content\Model
2024-09-13 22:10:00,935 - INFO - 创建目录：E:\[Game]\[PC]\THE IDOLM STER STARLIT SEASON\[Tool]\UnrealPak\[ICON]\[E]\0988 - cos020_MatsuriDance_topless\StarlitSeason\Content
2024-09-13 22:10:00,936 - INFO - 移动文件夹：E:\[Game]\[PC]\THE IDOLM STER STARLIT SEASON\[Tool]\UnrealPak\[ICON]\[E]\0988 - cos020_MatsuriDance_topless\Model -> E:\[Game]\[PC]\THE IDOLM STER STARLIT SEASON\[Tool]\UnrealPak\[ICON]\[E]\0988 - cos020_MatsuriDance_topless\StarlitSeason\Content\Model
2024-09-13 22:10:00,937 - INFO - 创建目录：E:\[Game]\[PC]\THE IDOLM STER STARLIT SEASON\[Tool]\UnrealPak\[ICON]\[E]\0989 - matsuri_dance_topless_v2\StarlitSeason\Content
2024-09-13 22:10:00,939 - INFO - 移动文件夹：E:\[Game]\[PC]\THE IDOLM STER STARLIT SEASON\[Tool]\UnrealPak\[ICON]\[E]\0989 - matsuri_dance_topless_v2\Model -> E:\[Game]\[PC]\THE IDOLM STER STARLIT SEASON\[Tool]\UnrealPak\[ICON]\[E]\0989 - matsuri_dance_topless_v2\StarlitSeason\Content\Model
2024-09-13 22:10:00,940 - INFO - 创建目录：E:\[Game]\[PC]\THE IDOLM STER STARLIT SEASON\[Tool]\UnrealPak\[ICON]\[E]\0990 - ballad_of_silvery_white_topless\StarlitSeason\Content
2024-09-13 22:10:00,941 - INFO - 移动文件夹：E:\[Game]\[PC]\THE IDOLM STER STARLIT SEASON\[Tool]\UnrealPak\[ICON]\[E]\0990 - ballad_of_silvery_white_topless\Model -> E:\[Game]\[PC]\THE IDOLM STER STARLIT SEASON\[Tool]\UnrealPak\[ICON]\[E]\0990 - ballad_of_silvery_white_topless\StarlitSeason\Content\Model
2024-09-13 22:10:00,943 - INFO - 创建目录：E:\[Game]\[PC]\THE IDOLM STER STARLIT SEASON\[Tool]\UnrealPak\[ICON]\[E]\0991 - coral_dress_topless_v2\StarlitSeason\Content
2024-09-13 22:10:00,944 - INFO - 移动文件夹：E:\[Game]\[PC]\THE IDOLM STER STARLIT SEASON\[Tool]\UnrealPak\[ICON]\[E]\0991 - coral_dress_topless_v2\Model -> E:\[Game]\[PC]\THE IDOLM STER STARLIT SEASON\[Tool]\UnrealPak\[ICON]\[E]\0991 - coral_dress_topless_v2\StarlitSeason\Content\Model
2024-09-13 22:10:00,945 - INFO - 创建目录：E:\[Game]\[PC]\THE IDOLM STER STARLIT SEASON\[Tool]\UnrealPak\[ICON]\[E]\0992 - emerald_fairy_topless_v2\StarlitSeason\Content
2024-09-13 22:10:00,946 - INFO - 移动文件夹：E:\[Game]\[PC]\THE IDOLM STER STARLIT SEASON\[Tool]\UnrealPak\[ICON]\[E]\0992 - emerald_fairy_topless_v2\Model -> E:\[Game]\[PC]\THE IDOLM STER STARLIT SEASON\[Tool]\UnrealPak\[ICON]\[E]\0992 - emerald_fairy_topless_v2\StarlitSeason\Content\Model
2024-09-13 22:10:00,948 - INFO - 创建目录：E:\[Game]\[PC]\THE IDOLM STER STARLIT SEASON\[Tool]\UnrealPak\[ICON]\[E]\0993 - cos008 Primordal Maiden Skirt small v2\StarlitSeason\Content
2024-09-13 22:10:00,949 - INFO - 移动文件夹：E:\[Game]\[PC]\THE IDOLM STER STARLIT SEASON\[Tool]\UnrealPak\[ICON]\[E]\0993 - cos008 Primordal Maiden Skirt small v2\Model -> E:\[Game]\[PC]\THE IDOLM STER STARLIT SEASON\[Tool]\UnrealPak\[ICON]\[E]\0993 - cos008 Primordal Maiden Skirt small v2\StarlitSeason\Content\Model
2024-09-13 22:10:00,950 - INFO - 创建目录：E:\[Game]\[PC]\THE IDOLM STER STARLIT SEASON\[Tool]\UnrealPak\[ICON]\[E]\0994 - cos008 Primordal Maiden Skirt Large\StarlitSeason\Content
2024-09-13 22:10:00,951 - INFO - 移动文件夹：E:\[Game]\[PC]\THE IDOLM STER STARLIT SEASON\[Tool]\UnrealPak\[ICON]\[E]\0994 - cos008 Primordal Maiden Skirt Large\Model -> E:\[Game]\[PC]\THE IDOLM STER STARLIT SEASON\[Tool]\UnrealPak\[ICON]\[E]\0994 - cos008 Primordal Maiden Skirt Large\StarlitSeason\Content\Model
2024-09-13 22:10:00,953 - INFO - 创建目录：E:\[Game]\[PC]\THE IDOLM STER STARLIT SEASON\[Tool]\UnrealPak\[ICON]\[E]\0995 - cos008 4 Corners\StarlitSeason\Content
2024-09-13 22:10:00,953 - INFO - 移动文件夹：E:\[Game]\[PC]\THE IDOLM STER STARLIT SEASON\[Tool]\UnrealPak\[ICON]\[E]\0995 - cos008 4 Corners\Model -> E:\[Game]\[PC]\THE IDOLM STER STARLIT SEASON\[Tool]\UnrealPak\[ICON]\[E]\0995 - cos008 4 Corners\StarlitSeason\Content\Model
2024-09-13 22:10:00,955 - INFO - 创建目录：E:\[Game]\[PC]\THE IDOLM STER STARLIT SEASON\[Tool]\UnrealPak\[ICON]\[E]\0996 - cos008 Sideless Primordial Maiden\StarlitSeason\Content
2024-09-13 22:10:00,955 - INFO - 移动文件夹：E:\[Game]\[PC]\THE IDOLM STER STARLIT SEASON\[Tool]\UnrealPak\[ICON]\[E]\0996 - cos008 Sideless Primordial Maiden\Model -> E:\[Game]\[PC]\THE IDOLM STER STARLIT SEASON\[Tool]\UnrealPak\[ICON]\[E]\0996 - cos008 Sideless Primordial Maiden\StarlitSeason\Content\Model
2024-09-13 22:10:00,957 - INFO - 创建目录：E:\[Game]\[PC]\THE IDOLM STER STARLIT SEASON\[Tool]\UnrealPak\[ICON]\[E]\0997 - cos008 Primordial Maiden Transparent Shadows\StarlitSeason\Content
2024-09-13 22:10:00,958 - INFO - 移动文件夹：E:\[Game]\[PC]\THE IDOLM STER STARLIT SEASON\[Tool]\UnrealPak\[ICON]\[E]\0997 - cos008 Primordial Maiden Transparent Shadows\Model -> E:\[Game]\[PC]\THE IDOLM STER STARLIT SEASON\[Tool]\UnrealPak\[ICON]\[E]\0997 - cos008 Primordial Maiden Transparent Shadows\StarlitSeason\Content\Model
2024-09-13 22:10:00,960 - INFO - 创建目录：E:\[Game]\[PC]\THE IDOLM STER STARLIT SEASON\[Tool]\UnrealPak\[ICON]\[E]\0998 - SZK_Cos004_Camisole_A\StarlitSeason\Content
2024-09-13 22:10:00,961 - INFO - 移动文件夹：E:\[Game]\[PC]\THE IDOLM STER STARLIT SEASON\[Tool]\UnrealPak\[ICON]\[E]\0998 - SZK_Cos004_Camisole_A\Model -> E:\[Game]\[PC]\THE IDOLM STER STARLIT SEASON\[Tool]\UnrealPak\[ICON]\[E]\0998 - SZK_Cos004_Camisole_A\StarlitSeason\Content\Model
2024-09-13 22:10:00,962 - INFO - 创建目录：E:\[Game]\[PC]\THE IDOLM STER STARLIT SEASON\[Tool]\UnrealPak\[ICON]\[E]\0999 - SZK_Cos004_Camisole_B\StarlitSeason\Content
2024-09-13 22:10:00,963 - INFO - 移动文件夹：E:\[Game]\[PC]\THE IDOLM STER STARLIT SEASON\[Tool]\UnrealPak\[ICON]\[E]\0999 - SZK_Cos004_Camisole_B\Model -> E:\[Game]\[PC]\THE IDOLM STER STARLIT SEASON\[Tool]\UnrealPak\[ICON]\[E]\0999 - SZK_Cos004_Camisole_B\StarlitSeason\Content\Model
2024-09-13 22:10:00,965 - INFO - 创建目录：E:\[Game]\[PC]\THE IDOLM STER STARLIT SEASON\[Tool]\UnrealPak\[ICON]\[E]\1000 - Cos004 Ver.Salt\StarlitSeason\Content
2024-09-13 22:10:00,966 - INFO - 移动文件夹：E:\[Game]\[PC]\THE IDOLM STER STARLIT SEASON\[Tool]\UnrealPak\[ICON]\[E]\1000 - Cos004 Ver.Salt\Model -> E:\[Game]\[PC]\THE IDOLM STER STARLIT SEASON\[Tool]\UnrealPak\[ICON]\[E]\1000 - Cos004 Ver.Salt\StarlitSeason\Content\Model
2024-09-13 22:10:00,967 - INFO - 创建目录：E:\[Game]\[PC]\THE IDOLM STER STARLIT SEASON\[Tool]\UnrealPak\[ICON]\[E]\1001 - topless_pantsu\StarlitSeason\Content
2024-09-13 22:10:00,968 - INFO - 移动文件夹：E:\[Game]\[PC]\THE IDOLM STER STARLIT SEASON\[Tool]\UnrealPak\[ICON]\[E]\1001 - topless_pantsu\Model -> E:\[Game]\[PC]\THE IDOLM STER STARLIT SEASON\[Tool]\UnrealPak\[ICON]\[E]\1001 - topless_pantsu\StarlitSeason\Content\Model
2024-09-13 22:10:00,970 - INFO - 创建目录：E:\[Game]\[PC]\THE IDOLM STER STARLIT SEASON\[Tool]\UnrealPak\[ICON]\[E]\1002 - toplessfurpants\StarlitSeason\Content
2024-09-13 22:10:00,971 - INFO - 移动文件夹：E:\[Game]\[PC]\THE IDOLM STER STARLIT SEASON\[Tool]\UnrealPak\[ICON]\[E]\1002 - toplessfurpants\Model -> E:\[Game]\[PC]\THE IDOLM STER STARLIT SEASON\[Tool]\UnrealPak\[ICON]\[E]\1002 - toplessfurpants\StarlitSeason\Content\Model
2024-09-13 22:10:00,972 - INFO - 创建目录：E:\[Game]\[PC]\THE IDOLM STER STARLIT SEASON\[Tool]\UnrealPak\[ICON]\[E]\1003 - SZ_Cos004_NudePareo\StarlitSeason\Content
2024-09-13 22:10:00,973 - INFO - 移动文件夹：E:\[Game]\[PC]\THE IDOLM STER STARLIT SEASON\[Tool]\UnrealPak\[ICON]\[E]\1003 - SZ_Cos004_NudePareo\Model -> E:\[Game]\[PC]\THE IDOLM STER STARLIT SEASON\[Tool]\UnrealPak\[ICON]\[E]\1003 - SZ_Cos004_NudePareo\StarlitSeason\Content\Model
2024-09-13 22:10:00,974 - INFO - 创建目录：E:\[Game]\[PC]\THE IDOLM STER STARLIT SEASON\[Tool]\UnrealPak\[ICON]\[E]\1004 - SZK_Cos004_Nude\StarlitSeason\Content
2024-09-13 22:10:00,975 - INFO - 移动文件夹：E:\[Game]\[PC]\THE IDOLM STER STARLIT SEASON\[Tool]\UnrealPak\[ICON]\[E]\1004 - SZK_Cos004_Nude\Model -> E:\[Game]\[PC]\THE IDOLM STER STARLIT SEASON\[Tool]\UnrealPak\[ICON]\[E]\1004 - SZK_Cos004_Nude\StarlitSeason\Content\Model
2024-09-13 22:10:00,977 - INFO - 创建目录：E:\[Game]\[PC]\THE IDOLM STER STARLIT SEASON\[Tool]\UnrealPak\[ICON]\[E]\1005 - SZK_Cos004_NudePareo\StarlitSeason\Content
2024-09-13 22:10:00,978 - INFO - 移动文件夹：E:\[Game]\[PC]\THE IDOLM STER STARLIT SEASON\[Tool]\UnrealPak\[ICON]\[E]\1005 - SZK_Cos004_NudePareo\Model -> E:\[Game]\[PC]\THE IDOLM STER STARLIT SEASON\[Tool]\UnrealPak\[ICON]\[E]\1005 - SZK_Cos004_NudePareo\StarlitSeason\Content\Model
2024-09-13 22:10:00,980 - INFO - 创建目录：E:\[Game]\[PC]\THE IDOLM STER STARLIT SEASON\[Tool]\UnrealPak\[ICON]\[E]\1006 - SZ_Cos004_Nude\StarlitSeason\Content
2024-09-13 22:10:00,981 - INFO - 移动文件夹：E:\[Game]\[PC]\THE IDOLM STER STARLIT SEASON\[Tool]\UnrealPak\[ICON]\[E]\1006 - SZ_Cos004_Nude\Model -> E:\[Game]\[PC]\THE IDOLM STER STARLIT SEASON\[Tool]\UnrealPak\[ICON]\[E]\1006 - SZ_Cos004_Nude\StarlitSeason\Content\Model
2024-09-13 22:10:00,982 - INFO - 创建目录：E:\[Game]\[PC]\THE IDOLM STER STARLIT SEASON\[Tool]\UnrealPak\[ICON]\[E]\1007 - cos004cHosizoraM_icon\StarlitSeason\Content
2024-09-13 22:10:00,983 - INFO - 移动文件夹：E:\[Game]\[PC]\THE IDOLM STER STARLIT SEASON\[Tool]\UnrealPak\[ICON]\[E]\1007 - cos004cHosizoraM_icon\Model -> E:\[Game]\[PC]\THE IDOLM STER STARLIT SEASON\[Tool]\UnrealPak\[ICON]\[E]\1007 - cos004cHosizoraM_icon\StarlitSeason\Content\Model
2024-09-13 22:10:00,985 - INFO - 创建目录：E:\[Game]\[PC]\THE IDOLM STER STARLIT SEASON\[Tool]\UnrealPak\[ICON]\[E]\1009 - little_devil_mizugi_topless_v2\StarlitSeason\Content
2024-09-13 22:10:00,987 - INFO - 移动文件夹：E:\[Game]\[PC]\THE IDOLM STER STARLIT SEASON\[Tool]\UnrealPak\[ICON]\[E]\1009 - little_devil_mizugi_topless_v2\Model -> E:\[Game]\[PC]\THE IDOLM STER STARLIT SEASON\[Tool]\UnrealPak\[ICON]\[E]\1009 - little_devil_mizugi_topless_v2\StarlitSeason\Content\Model
2024-09-13 22:10:00,988 - INFO - 创建目录：E:\[Game]\[PC]\THE IDOLM STER STARLIT SEASON\[Tool]\UnrealPak\[ICON]\[E]\1010 - little_devil_mizugi_nopan_v2\StarlitSeason\Content
2024-09-13 22:10:00,989 - INFO - 移动文件夹：E:\[Game]\[PC]\THE IDOLM STER STARLIT SEASON\[Tool]\UnrealPak\[ICON]\[E]\1010 - little_devil_mizugi_nopan_v2\Model -> E:\[Game]\[PC]\THE IDOLM STER STARLIT SEASON\[Tool]\UnrealPak\[ICON]\[E]\1010 - little_devil_mizugi_nopan_v2\StarlitSeason\Content\Model
2024-09-13 22:10:00,990 - INFO - 创建目录：E:\[Game]\[PC]\THE IDOLM STER STARLIT SEASON\[Tool]\UnrealPak\[ICON]\[E]\1011 - TEST_CLOTH106B1\StarlitSeason\Content
2024-09-13 22:10:00,991 - INFO - 移动文件夹：E:\[Game]\[PC]\THE IDOLM STER STARLIT SEASON\[Tool]\UnrealPak\[ICON]\[E]\1011 - TEST_CLOTH106B1\Model -> E:\[Game]\[PC]\THE IDOLM STER STARLIT SEASON\[Tool]\UnrealPak\[ICON]\[E]\1011 - TEST_CLOTH106B1\StarlitSeason\Content\Model
2024-09-13 22:10:00,993 - INFO - 创建目录：E:\[Game]\[PC]\THE IDOLM STER STARLIT SEASON\[Tool]\UnrealPak\[ICON]\[E]\1013 - cos101A_StreamSailor-SlingShotBikini_icon\StarlitSeason\Content
2024-09-13 22:10:00,994 - INFO - 移动文件夹：E:\[Game]\[PC]\THE IDOLM STER STARLIT SEASON\[Tool]\UnrealPak\[ICON]\[E]\1013 - cos101A_StreamSailor-SlingShotBikini_icon\Model -> E:\[Game]\[PC]\THE IDOLM STER STARLIT SEASON\[Tool]\UnrealPak\[ICON]\[E]\1013 - cos101A_StreamSailor-SlingShotBikini_icon\StarlitSeason\Content\Model
2024-09-13 22:10:00,996 - INFO - 创建目录：E:\[Game]\[PC]\THE IDOLM STER STARLIT SEASON\[Tool]\UnrealPak\[ICON]\[E]\1015 - hope_with_you_topless_v3\StarlitSeason\Content
2024-09-13 22:10:00,997 - INFO - 移动文件夹：E:\[Game]\[PC]\THE IDOLM STER STARLIT SEASON\[Tool]\UnrealPak\[ICON]\[E]\1015 - hope_with_you_topless_v3\Model -> E:\[Game]\[PC]\THE IDOLM STER STARLIT SEASON\[Tool]\UnrealPak\[ICON]\[E]\1015 - hope_with_you_topless_v3\StarlitSeason\Content\Model
2024-09-13 22:10:00,997 - INFO - 从文件 SK_chr_body_cos004_a_01.uasset 中提取到名称：chr_body_cos004
2024-09-13 22:10:01,000 - INFO - 创建目录：E:\[Game]\[PC]\THE IDOLM STER STARLIT SEASON\[Tool]\UnrealPak\[ICON]\[E]\1019 - R4-NegaseReiko\StarlitSeason\Content\Model\Character\Body\Cos\chr_body_cos004\Mesh
2024-09-13 22:10:01,001 - INFO - 移动文件夹：E:\[Game]\[PC]\THE IDOLM STER STARLIT SEASON\[Tool]\UnrealPak\[ICON]\[E]\1019 - R4-NegaseReiko\Mesh -> E:\[Game]\[PC]\THE IDOLM STER STARLIT SEASON\[Tool]\UnrealPak\[ICON]\[E]\1019 - R4-NegaseReiko\StarlitSeason\Content\Model\Character\Body\Cos\chr_body_cos004\Mesh
2024-09-13 22:10:01,002 - INFO - 创建目录：E:\[Game]\[PC]\THE IDOLM STER STARLIT SEASON\[Tool]\UnrealPak\[ICON]\[E]\1019 - R4-NegaseReiko\StarlitSeason\Content\Model\Character\Body\Cos\chr_body_cos004\Material
2024-09-13 22:10:01,003 - INFO - 移动文件夹：E:\[Game]\[PC]\THE IDOLM STER STARLIT SEASON\[Tool]\UnrealPak\[ICON]\[E]\1019 - R4-NegaseReiko\Material -> E:\[Game]\[PC]\THE IDOLM STER STARLIT SEASON\[Tool]\UnrealPak\[ICON]\[E]\1019 - R4-NegaseReiko\StarlitSeason\Content\Model\Character\Body\Cos\chr_body_cos004\Material
2024-09-13 22:10:01,004 - INFO - 创建目录：E:\[Game]\[PC]\THE IDOLM STER STARLIT SEASON\[Tool]\UnrealPak\[ICON]\[E]\1019 - R4-NegaseReiko\StarlitSeason\Content\Model\Character\Body\Cos\chr_body_cos004\Texture
2024-09-13 22:10:01,005 - INFO - 移动文件夹：E:\[Game]\[PC]\THE IDOLM STER STARLIT SEASON\[Tool]\UnrealPak\[ICON]\[E]\1019 - R4-NegaseReiko\Texture -> E:\[Game]\[PC]\THE IDOLM STER STARLIT SEASON\[Tool]\UnrealPak\[ICON]\[E]\1019 - R4-NegaseReiko\StarlitSeason\Content\Model\Character\Body\Cos\chr_body_cos004\Texture
2024-09-13 22:10:01,006 - INFO - 创建目录：E:\[Game]\[PC]\THE IDOLM STER STARLIT SEASON\[Tool]\UnrealPak\[ICON]\[E]\1020 - 体操服\StarlitSeason\Content
2024-09-13 22:10:01,007 - INFO - 移动文件夹：E:\[Game]\[PC]\THE IDOLM STER STARLIT SEASON\[Tool]\UnrealPak\[ICON]\[E]\1020 - 体操服\Model -> E:\[Game]\[PC]\THE IDOLM STER STARLIT SEASON\[Tool]\UnrealPak\[ICON]\[E]\1020 - 体操服\StarlitSeason\Content\Model
2024-09-13 22:10:01,008 - INFO - 从文件 SK_chr_body_cos012_a_01.uasset 中提取到名称：chr_body_cos012
2024-09-13 22:10:01,011 - INFO - 创建目录：E:\[Game]\[PC]\THE IDOLM STER STARLIT SEASON\[Tool]\UnrealPak\[ICON]\[E]\1021 - スク`ル水着\StarlitSeason\Content\Model\Character\Body\Cos\chr_body_cos012\Mesh
2024-09-13 22:10:01,013 - INFO - 移动文件夹：E:\[Game]\[PC]\THE IDOLM STER STARLIT SEASON\[Tool]\UnrealPak\[ICON]\[E]\1021 - スク`ル水着\Mesh -> E:\[Game]\[PC]\THE IDOLM STER STARLIT SEASON\[Tool]\UnrealPak\[ICON]\[E]\1021 - スク`ル水着\StarlitSeason\Content\Model\Character\Body\Cos\chr_body_cos012\Mesh
2024-09-13 22:10:01,013 - INFO - 创建目录：E:\[Game]\[PC]\THE IDOLM STER STARLIT SEASON\[Tool]\UnrealPak\[ICON]\[E]\1021 - スク`ル水着\StarlitSeason\Content\Model\Character\Body\Cos\chr_body_cos012\Texture
2024-09-13 22:10:01,015 - INFO - 移动文件夹：E:\[Game]\[PC]\THE IDOLM STER STARLIT SEASON\[Tool]\UnrealPak\[ICON]\[E]\1021 - スク`ル水着\Texture -> E:\[Game]\[PC]\THE IDOLM STER STARLIT SEASON\[Tool]\UnrealPak\[ICON]\[E]\1021 - スク`ル水着\StarlitSeason\Content\Model\Character\Body\Cos\chr_body_cos012\Texture
2024-09-13 22:10:01,016 - INFO - 创建目录：E:\[Game]\[PC]\THE IDOLM STER STARLIT SEASON\[Tool]\UnrealPak\[ICON]\[E]\1022 - Smizugi_r\StarlitSeason\Content
2024-09-13 22:10:01,017 - INFO - 移动文件夹：E:\[Game]\[PC]\THE IDOLM STER STARLIT SEASON\[Tool]\UnrealPak\[ICON]\[E]\1022 - Smizugi_r\Model -> E:\[Game]\[PC]\THE IDOLM STER STARLIT SEASON\[Tool]\UnrealPak\[ICON]\[E]\1022 - Smizugi_r\StarlitSeason\Content\Model
2024-09-13 22:10:01,018 - INFO - 创建目录：E:\[Game]\[PC]\THE IDOLM STER STARLIT SEASON\[Tool]\UnrealPak\[ICON]\[E]\1023 - newSmizugi\StarlitSeason\Content
2024-09-13 22:10:01,019 - INFO - 移动文件夹：E:\[Game]\[PC]\THE IDOLM STER STARLIT SEASON\[Tool]\UnrealPak\[ICON]\[E]\1023 - newSmizugi\MD -> E:\[Game]\[PC]\THE IDOLM STER STARLIT SEASON\[Tool]\UnrealPak\[ICON]\[E]\1023 - newSmizugi\StarlitSeason\Content\MD
2024-09-13 22:10:01,020 - INFO - 移动文件夹：E:\[Game]\[PC]\THE IDOLM STER STARLIT SEASON\[Tool]\UnrealPak\[ICON]\[E]\1023 - newSmizugi\Model -> E:\[Game]\[PC]\THE IDOLM STER STARLIT SEASON\[Tool]\UnrealPak\[ICON]\[E]\1023 - newSmizugi\StarlitSeason\Content\Model
2024-09-13 22:10:01,022 - INFO - 创建目录：E:\[Game]\[PC]\THE IDOLM STER STARLIT SEASON\[Tool]\UnrealPak\[ICON]\[E]\1024 - School_Mizugv2ai\StarlitSeason\Content
2024-09-13 22:10:01,023 - INFO - 移动文件夹：E:\[Game]\[PC]\THE IDOLM STER STARLIT SEASON\[Tool]\UnrealPak\[ICON]\[E]\1024 - School_Mizugv2ai\Model -> E:\[Game]\[PC]\THE IDOLM STER STARLIT SEASON\[Tool]\UnrealPak\[ICON]\[E]\1024 - School_Mizugv2ai\StarlitSeason\Content\Model
2024-09-13 22:10:01,024 - INFO - 创建目录：E:\[Game]\[PC]\THE IDOLM STER STARLIT SEASON\[Tool]\UnrealPak\[ICON]\[E]\1025 - School_Mizugi_White\StarlitSeason\Content
2024-09-13 22:10:01,025 - INFO - 移动文件夹：E:\[Game]\[PC]\THE IDOLM STER STARLIT SEASON\[Tool]\UnrealPak\[ICON]\[E]\1025 - School_Mizugi_White\Model -> E:\[Game]\[PC]\THE IDOLM STER STARLIT SEASON\[Tool]\UnrealPak\[ICON]\[E]\1025 - School_Mizugi_White\StarlitSeason\Content\Model
2024-09-13 22:10:01,026 - INFO - 从文件 SK_chr_body_cos014_a_01.uasset 中提取到名称：chr_body_cos014
2024-09-13 22:10:01,029 - INFO - 创建目录：E:\[Game]\[PC]\THE IDOLM STER STARLIT SEASON\[Tool]\UnrealPak\[ICON]\[E]\1026 - shinskmz_sbdv_navy\StarlitSeason\Content\Model\Character\Body\Cos\chr_body_cos014\Mesh
2024-09-13 22:10:01,030 - INFO - 移动文件夹：E:\[Game]\[PC]\THE IDOLM STER STARLIT SEASON\[Tool]\UnrealPak\[ICON]\[E]\1026 - shinskmz_sbdv_navy\Mesh -> E:\[Game]\[PC]\THE IDOLM STER STARLIT SEASON\[Tool]\UnrealPak\[ICON]\[E]\1026 - shinskmz_sbdv_navy\StarlitSeason\Content\Model\Character\Body\Cos\chr_body_cos014\Mesh
2024-09-13 22:10:01,031 - INFO - 创建目录：E:\[Game]\[PC]\THE IDOLM STER STARLIT SEASON\[Tool]\UnrealPak\[ICON]\[E]\1026 - shinskmz_sbdv_navy\StarlitSeason\Content\Model\Character\Body\Cos\chr_body_cos014\Material
2024-09-13 22:10:01,032 - INFO - 移动文件夹：E:\[Game]\[PC]\THE IDOLM STER STARLIT SEASON\[Tool]\UnrealPak\[ICON]\[E]\1026 - shinskmz_sbdv_navy\Material -> E:\[Game]\[PC]\THE IDOLM STER STARLIT SEASON\[Tool]\UnrealPak\[ICON]\[E]\1026 - shinskmz_sbdv_navy\StarlitSeason\Content\Model\Character\Body\Cos\chr_body_cos014\Material
2024-09-13 22:10:01,033 - INFO - 创建目录：E:\[Game]\[PC]\THE IDOLM STER STARLIT SEASON\[Tool]\UnrealPak\[ICON]\[E]\1026 - shinskmz_sbdv_navy\StarlitSeason\Content\Model\Character\Body\Cos\chr_body_cos014\Texture
2024-09-13 22:10:01,034 - INFO - 移动文件夹：E:\[Game]\[PC]\THE IDOLM STER STARLIT SEASON\[Tool]\UnrealPak\[ICON]\[E]\1026 - shinskmz_sbdv_navy\Texture -> E:\[Game]\[PC]\THE IDOLM STER STARLIT SEASON\[Tool]\UnrealPak\[ICON]\[E]\1026 - shinskmz_sbdv_navy\StarlitSeason\Content\Model\Character\Body\Cos\chr_body_cos014\Texture
2024-09-13 22:10:01,034 - INFO - 从文件 SK_chr_body_cos014_a_01.uasset 中提取到名称：chr_body_cos014
2024-09-13 22:10:01,037 - INFO - 创建目录：E:\[Game]\[PC]\THE IDOLM STER STARLIT SEASON\[Tool]\UnrealPak\[ICON]\[E]\1027 - shinskmz_sbdv_green\StarlitSeason\Content\Model\Character\Body\Cos\chr_body_cos014\Mesh
2024-09-13 22:10:01,038 - INFO - 移动文件夹：E:\[Game]\[PC]\THE IDOLM STER STARLIT SEASON\[Tool]\UnrealPak\[ICON]\[E]\1027 - shinskmz_sbdv_green\Mesh -> E:\[Game]\[PC]\THE IDOLM STER STARLIT SEASON\[Tool]\UnrealPak\[ICON]\[E]\1027 - shinskmz_sbdv_green\StarlitSeason\Content\Model\Character\Body\Cos\chr_body_cos014\Mesh
2024-09-13 22:10:01,039 - INFO - 创建目录：E:\[Game]\[PC]\THE IDOLM STER STARLIT SEASON\[Tool]\UnrealPak\[ICON]\[E]\1027 - shinskmz_sbdv_green\StarlitSeason\Content\Model\Character\Body\Cos\chr_body_cos014\Material
2024-09-13 22:10:01,040 - INFO - 移动文件夹：E:\[Game]\[PC]\THE IDOLM STER STARLIT SEASON\[Tool]\UnrealPak\[ICON]\[E]\1027 - shinskmz_sbdv_green\Material -> E:\[Game]\[PC]\THE IDOLM STER STARLIT SEASON\[Tool]\UnrealPak\[ICON]\[E]\1027 - shinskmz_sbdv_green\StarlitSeason\Content\Model\Character\Body\Cos\chr_body_cos014\Material
2024-09-13 22:10:01,041 - INFO - 创建目录：E:\[Game]\[PC]\THE IDOLM STER STARLIT SEASON\[Tool]\UnrealPak\[ICON]\[E]\1027 - shinskmz_sbdv_green\StarlitSeason\Content\Model\Character\Body\Cos\chr_body_cos014\Texture
2024-09-13 22:10:01,042 - INFO - 移动文件夹：E:\[Game]\[PC]\THE IDOLM STER STARLIT SEASON\[Tool]\UnrealPak\[ICON]\[E]\1027 - shinskmz_sbdv_green\Texture -> E:\[Game]\[PC]\THE IDOLM STER STARLIT SEASON\[Tool]\UnrealPak\[ICON]\[E]\1027 - shinskmz_sbdv_green\StarlitSeason\Content\Model\Character\Body\Cos\chr_body_cos014\Texture
2024-09-13 22:10:01,043 - INFO - 从文件 SK_chr_body_cos014_a_01.uasset 中提取到名称：chr_body_cos014
2024-09-13 22:10:01,045 - INFO - 创建目录：E:\[Game]\[PC]\THE IDOLM STER STARLIT SEASON\[Tool]\UnrealPak\[ICON]\[E]\1028 - shinskmz_sbdv_red\StarlitSeason\Content\Model\Character\Body\Cos\chr_body_cos014\Mesh
2024-09-13 22:10:01,047 - INFO - 移动文件夹：E:\[Game]\[PC]\THE IDOLM STER STARLIT SEASON\[Tool]\UnrealPak\[ICON]\[E]\1028 - shinskmz_sbdv_red\Mesh -> E:\[Game]\[PC]\THE IDOLM STER STARLIT SEASON\[Tool]\UnrealPak\[ICON]\[E]\1028 - shinskmz_sbdv_red\StarlitSeason\Content\Model\Character\Body\Cos\chr_body_cos014\Mesh
2024-09-13 22:10:01,047 - INFO - 创建目录：E:\[Game]\[PC]\THE IDOLM STER STARLIT SEASON\[Tool]\UnrealPak\[ICON]\[E]\1028 - shinskmz_sbdv_red\StarlitSeason\Content\Model\Character\Body\Cos\chr_body_cos014\Material
2024-09-13 22:10:01,049 - INFO - 移动文件夹：E:\[Game]\[PC]\THE IDOLM STER STARLIT SEASON\[Tool]\UnrealPak\[ICON]\[E]\1028 - shinskmz_sbdv_red\Material -> E:\[Game]\[PC]\THE IDOLM STER STARLIT SEASON\[Tool]\UnrealPak\[ICON]\[E]\1028 - shinskmz_sbdv_red\StarlitSeason\Content\Model\Character\Body\Cos\chr_body_cos014\Material
2024-09-13 22:10:01,049 - INFO - 创建目录：E:\[Game]\[PC]\THE IDOLM STER STARLIT SEASON\[Tool]\UnrealPak\[ICON]\[E]\1028 - shinskmz_sbdv_red\StarlitSeason\Content\Model\Character\Body\Cos\chr_body_cos014\Texture
2024-09-13 22:10:01,050 - INFO - 移动文件夹：E:\[Game]\[PC]\THE IDOLM STER STARLIT SEASON\[Tool]\UnrealPak\[ICON]\[E]\1028 - shinskmz_sbdv_red\Texture -> E:\[Game]\[PC]\THE IDOLM STER STARLIT SEASON\[Tool]\UnrealPak\[ICON]\[E]\1028 - shinskmz_sbdv_red\StarlitSeason\Content\Model\Character\Body\Cos\chr_body_cos014\Texture
2024-09-13 22:10:01,051 - INFO - 从文件 SK_chr_body_cos014_a_01.uasset 中提取到名称：chr_body_cos014
2024-09-13 22:10:01,125 - INFO - 创建目录：E:\[Game]\[PC]\THE IDOLM STER STARLIT SEASON\[Tool]\UnrealPak\[ICON]\[E]\1029 - shinskmz_sbdv_pink\StarlitSeason\Content\Model\Character\Body\Cos\chr_body_cos014\Mesh
2024-09-13 22:10:01,126 - INFO - 移动文件夹：E:\[Game]\[PC]\THE IDOLM STER STARLIT SEASON\[Tool]\UnrealPak\[ICON]\[E]\1029 - shinskmz_sbdv_pink\Mesh -> E:\[Game]\[PC]\THE IDOLM STER STARLIT SEASON\[Tool]\UnrealPak\[ICON]\[E]\1029 - shinskmz_sbdv_pink\StarlitSeason\Content\Model\Character\Body\Cos\chr_body_cos014\Mesh
2024-09-13 22:10:01,127 - INFO - 创建目录：E:\[Game]\[PC]\THE IDOLM STER STARLIT SEASON\[Tool]\UnrealPak\[ICON]\[E]\1029 - shinskmz_sbdv_pink\StarlitSeason\Content\Model\Character\Body\Cos\chr_body_cos014\Material
2024-09-13 22:10:01,128 - INFO - 移动文件夹：E:\[Game]\[PC]\THE IDOLM STER STARLIT SEASON\[Tool]\UnrealPak\[ICON]\[E]\1029 - shinskmz_sbdv_pink\Material -> E:\[Game]\[PC]\THE IDOLM STER STARLIT SEASON\[Tool]\UnrealPak\[ICON]\[E]\1029 - shinskmz_sbdv_pink\StarlitSeason\Content\Model\Character\Body\Cos\chr_body_cos014\Material
2024-09-13 22:10:01,129 - INFO - 创建目录：E:\[Game]\[PC]\THE IDOLM STER STARLIT SEASON\[Tool]\UnrealPak\[ICON]\[E]\1029 - shinskmz_sbdv_pink\StarlitSeason\Content\Model\Character\Body\Cos\chr_body_cos014\Texture
2024-09-13 22:10:01,130 - INFO - 移动文件夹：E:\[Game]\[PC]\THE IDOLM STER STARLIT SEASON\[Tool]\UnrealPak\[ICON]\[E]\1029 - shinskmz_sbdv_pink\Texture -> E:\[Game]\[PC]\THE IDOLM STER STARLIT SEASON\[Tool]\UnrealPak\[ICON]\[E]\1029 - shinskmz_sbdv_pink\StarlitSeason\Content\Model\Character\Body\Cos\chr_body_cos014\Texture
2024-09-13 22:10:02,167 - INFO - 文件夹重构已完成
2024-09-13 22:14:40,096 - INFO - 选择的目录：E:/[Game]/[PC]/THE IDOLM STER STARLIT SEASON/[Tool]/UnrealPak/[ICON]/[A]
2024-09-13 22:14:43,980 - INFO - 开始处理目录：E:/[Game]/[PC]/THE IDOLM STER STARLIT SEASON/[Tool]/UnrealPak/[ICON]/[A]
2024-09-13 22:14:45,047 - INFO - 没有找到需要重构的文件夹。
2024-09-13 23:24:36,443 - INFO - 选择的目录：E:/[Game]/[PC]/THE IDOLM STER STARLIT SEASON/[Tool]/UnrealPak/[ICON]/[New2]
2024-09-13 23:24:37,600 - INFO - 开始处理目录：E:/[Game]/[PC]/THE IDOLM STER STARLIT SEASON/[Tool]/UnrealPak/[ICON]/[New2]
2024-09-13 23:24:37,609 - INFO - 创建目录：E:/[Game]/[PC]/THE IDOLM STER STARLIT SEASON/[Tool]/UnrealPak/[ICON]/[New2]\cos009A_MaidApron\StarlitSeason\Content\Model\Character\Body\Cos\chr_body_cos003
2024-09-13 23:24:37,611 - INFO - 移动文件：E:/[Game]/[PC]/THE IDOLM STER STARLIT SEASON/[Tool]/UnrealPak/[ICON]/[New2]\cos009A_MaidApron\chr_body_cos003\Texture -> E:/[Game]/[PC]/THE IDOLM STER STARLIT SEASON/[Tool]/UnrealPak/[ICON]/[New2]\cos009A_MaidApron\StarlitSeason\Content\Model\Character\Body\Cos\chr_body_cos003\Texture
2024-09-13 23:24:37,612 - INFO - 删除空文件夹：E:/[Game]/[PC]/THE IDOLM STER STARLIT SEASON/[Tool]/UnrealPak/[ICON]/[New2]\cos009A_MaidApron\chr_body_cos003
2024-09-13 23:24:37,612 - INFO - 创建目录：E:/[Game]/[PC]/THE IDOLM STER STARLIT SEASON/[Tool]/UnrealPak/[ICON]/[New2]\cos009A_MaidApron\StarlitSeason\Content\Model\Character\Body\Cos\chr_body_cos009
2024-09-13 23:24:37,614 - INFO - 移动文件：E:/[Game]/[PC]/THE IDOLM STER STARLIT SEASON/[Tool]/UnrealPak/[ICON]/[New2]\cos009A_MaidApron\chr_body_cos009\Material -> E:/[Game]/[PC]/THE IDOLM STER STARLIT SEASON/[Tool]/UnrealPak/[ICON]/[New2]\cos009A_MaidApron\StarlitSeason\Content\Model\Character\Body\Cos\chr_body_cos009\Material
2024-09-13 23:24:37,615 - INFO - 移动文件：E:/[Game]/[PC]/THE IDOLM STER STARLIT SEASON/[Tool]/UnrealPak/[ICON]/[New2]\cos009A_MaidApron\chr_body_cos009\mesh -> E:/[Game]/[PC]/THE IDOLM STER STARLIT SEASON/[Tool]/UnrealPak/[ICON]/[New2]\cos009A_MaidApron\StarlitSeason\Content\Model\Character\Body\Cos\chr_body_cos009\mesh
2024-09-13 23:24:37,616 - INFO - 移动文件：E:/[Game]/[PC]/THE IDOLM STER STARLIT SEASON/[Tool]/UnrealPak/[ICON]/[New2]\cos009A_MaidApron\chr_body_cos009\M_glove -> E:/[Game]/[PC]/THE IDOLM STER STARLIT SEASON/[Tool]/UnrealPak/[ICON]/[New2]\cos009A_MaidApron\StarlitSeason\Content\Model\Character\Body\Cos\chr_body_cos009\M_glove
2024-09-13 23:24:37,617 - INFO - 移动文件：E:/[Game]/[PC]/THE IDOLM STER STARLIT SEASON/[Tool]/UnrealPak/[ICON]/[New2]\cos009A_MaidApron\chr_body_cos009\M_Lingerie -> E:/[Game]/[PC]/THE IDOLM STER STARLIT SEASON/[Tool]/UnrealPak/[ICON]/[New2]\cos009A_MaidApron\StarlitSeason\Content\Model\Character\Body\Cos\chr_body_cos009\M_Lingerie
2024-09-13 23:24:37,618 - INFO - 移动文件：E:/[Game]/[PC]/THE IDOLM STER STARLIT SEASON/[Tool]/UnrealPak/[ICON]/[New2]\cos009A_MaidApron\chr_body_cos009\M_Socks -> E:/[Game]/[PC]/THE IDOLM STER STARLIT SEASON/[Tool]/UnrealPak/[ICON]/[New2]\cos009A_MaidApron\StarlitSeason\Content\Model\Character\Body\Cos\chr_body_cos009\M_Socks
2024-09-13 23:24:37,619 - INFO - 移动文件：E:/[Game]/[PC]/THE IDOLM STER STARLIT SEASON/[Tool]/UnrealPak/[ICON]/[New2]\cos009A_MaidApron\chr_body_cos009\Texture -> E:/[Game]/[PC]/THE IDOLM STER STARLIT SEASON/[Tool]/UnrealPak/[ICON]/[New2]\cos009A_MaidApron\StarlitSeason\Content\Model\Character\Body\Cos\chr_body_cos009\Texture
2024-09-13 23:24:37,620 - INFO - 删除空文件夹：E:/[Game]/[PC]/THE IDOLM STER STARLIT SEASON/[Tool]/UnrealPak/[ICON]/[New2]\cos009A_MaidApron\chr_body_cos009
2024-09-13 23:24:37,623 - INFO - 创建目录：E:/[Game]/[PC]/THE IDOLM STER STARLIT SEASON/[Tool]/UnrealPak/[ICON]/[New2]\cos009A_MaidApron_02\StarlitSeason\Content\Model\Character\Body\Cos\chr_body_cos003
2024-09-13 23:24:37,624 - INFO - 移动文件：E:/[Game]/[PC]/THE IDOLM STER STARLIT SEASON/[Tool]/UnrealPak/[ICON]/[New2]\cos009A_MaidApron_02\chr_body_cos003\Texture -> E:/[Game]/[PC]/THE IDOLM STER STARLIT SEASON/[Tool]/UnrealPak/[ICON]/[New2]\cos009A_MaidApron_02\StarlitSeason\Content\Model\Character\Body\Cos\chr_body_cos003\Texture
2024-09-13 23:24:37,624 - INFO - 删除空文件夹：E:/[Game]/[PC]/THE IDOLM STER STARLIT SEASON/[Tool]/UnrealPak/[ICON]/[New2]\cos009A_MaidApron_02\chr_body_cos003
2024-09-13 23:24:37,625 - INFO - 创建目录：E:/[Game]/[PC]/THE IDOLM STER STARLIT SEASON/[Tool]/UnrealPak/[ICON]/[New2]\cos009A_MaidApron_02\StarlitSeason\Content\Model\Character\Body\Cos\chr_body_cos009
2024-09-13 23:24:37,626 - INFO - 移动文件：E:/[Game]/[PC]/THE IDOLM STER STARLIT SEASON/[Tool]/UnrealPak/[ICON]/[New2]\cos009A_MaidApron_02\chr_body_cos009\Material -> E:/[Game]/[PC]/THE IDOLM STER STARLIT SEASON/[Tool]/UnrealPak/[ICON]/[New2]\cos009A_MaidApron_02\StarlitSeason\Content\Model\Character\Body\Cos\chr_body_cos009\Material
2024-09-13 23:24:37,628 - INFO - 移动文件：E:/[Game]/[PC]/THE IDOLM STER STARLIT SEASON/[Tool]/UnrealPak/[ICON]/[New2]\cos009A_MaidApron_02\chr_body_cos009\mesh -> E:/[Game]/[PC]/THE IDOLM STER STARLIT SEASON/[Tool]/UnrealPak/[ICON]/[New2]\cos009A_MaidApron_02\StarlitSeason\Content\Model\Character\Body\Cos\chr_body_cos009\mesh
2024-09-13 23:24:37,629 - INFO - 移动文件：E:/[Game]/[PC]/THE IDOLM STER STARLIT SEASON/[Tool]/UnrealPak/[ICON]/[New2]\cos009A_MaidApron_02\chr_body_cos009\M_fishnet -> E:/[Game]/[PC]/THE IDOLM STER STARLIT SEASON/[Tool]/UnrealPak/[ICON]/[New2]\cos009A_MaidApron_02\StarlitSeason\Content\Model\Character\Body\Cos\chr_body_cos009\M_fishnet
2024-09-13 23:24:37,631 - INFO - 移动文件：E:/[Game]/[PC]/THE IDOLM STER STARLIT SEASON/[Tool]/UnrealPak/[ICON]/[New2]\cos009A_MaidApron_02\chr_body_cos009\M_glove -> E:/[Game]/[PC]/THE IDOLM STER STARLIT SEASON/[Tool]/UnrealPak/[ICON]/[New2]\cos009A_MaidApron_02\StarlitSeason\Content\Model\Character\Body\Cos\chr_body_cos009\M_glove
2024-09-13 23:24:37,631 - INFO - 移动文件：E:/[Game]/[PC]/THE IDOLM STER STARLIT SEASON/[Tool]/UnrealPak/[ICON]/[New2]\cos009A_MaidApron_02\chr_body_cos009\M_Lingerie -> E:/[Game]/[PC]/THE IDOLM STER STARLIT SEASON/[Tool]/UnrealPak/[ICON]/[New2]\cos009A_MaidApron_02\StarlitSeason\Content\Model\Character\Body\Cos\chr_body_cos009\M_Lingerie
2024-09-13 23:24:37,632 - INFO - 移动文件：E:/[Game]/[PC]/THE IDOLM STER STARLIT SEASON/[Tool]/UnrealPak/[ICON]/[New2]\cos009A_MaidApron_02\chr_body_cos009\M_Socks -> E:/[Game]/[PC]/THE IDOLM STER STARLIT SEASON/[Tool]/UnrealPak/[ICON]/[New2]\cos009A_MaidApron_02\StarlitSeason\Content\Model\Character\Body\Cos\chr_body_cos009\M_Socks
2024-09-13 23:24:37,634 - INFO - 移动文件：E:/[Game]/[PC]/THE IDOLM STER STARLIT SEASON/[Tool]/UnrealPak/[ICON]/[New2]\cos009A_MaidApron_02\chr_body_cos009\Texture -> E:/[Game]/[PC]/THE IDOLM STER STARLIT SEASON/[Tool]/UnrealPak/[ICON]/[New2]\cos009A_MaidApron_02\StarlitSeason\Content\Model\Character\Body\Cos\chr_body_cos009\Texture
2024-09-13 23:24:37,634 - INFO - 删除空文件夹：E:/[Game]/[PC]/THE IDOLM STER STARLIT SEASON/[Tool]/UnrealPak/[ICON]/[New2]\cos009A_MaidApron_02\chr_body_cos009
2024-09-13 23:24:37,637 - INFO - 创建目录：E:/[Game]/[PC]/THE IDOLM STER STARLIT SEASON/[Tool]/UnrealPak/[ICON]/[New2]\cos009A_MaidApron_nopan\StarlitSeason\Content\Model\Character\Body\Cos\chr_body_cos003
2024-09-13 23:24:37,638 - INFO - 移动文件：E:/[Game]/[PC]/THE IDOLM STER STARLIT SEASON/[Tool]/UnrealPak/[ICON]/[New2]\cos009A_MaidApron_nopan\chr_body_cos003\Texture -> E:/[Game]/[PC]/THE IDOLM STER STARLIT SEASON/[Tool]/UnrealPak/[ICON]/[New2]\cos009A_MaidApron_nopan\StarlitSeason\Content\Model\Character\Body\Cos\chr_body_cos003\Texture
2024-09-13 23:24:37,639 - INFO - 删除空文件夹：E:/[Game]/[PC]/THE IDOLM STER STARLIT SEASON/[Tool]/UnrealPak/[ICON]/[New2]\cos009A_MaidApron_nopan\chr_body_cos003
2024-09-13 23:24:37,639 - INFO - 创建目录：E:/[Game]/[PC]/THE IDOLM STER STARLIT SEASON/[Tool]/UnrealPak/[ICON]/[New2]\cos009A_MaidApron_nopan\StarlitSeason\Content\Model\Character\Body\Cos\chr_body_cos009
2024-09-13 23:24:37,640 - INFO - 移动文件：E:/[Game]/[PC]/THE IDOLM STER STARLIT SEASON/[Tool]/UnrealPak/[ICON]/[New2]\cos009A_MaidApron_nopan\chr_body_cos009\Material -> E:/[Game]/[PC]/THE IDOLM STER STARLIT SEASON/[Tool]/UnrealPak/[ICON]/[New2]\cos009A_MaidApron_nopan\StarlitSeason\Content\Model\Character\Body\Cos\chr_body_cos009\Material
2024-09-13 23:24:37,641 - INFO - 移动文件：E:/[Game]/[PC]/THE IDOLM STER STARLIT SEASON/[Tool]/UnrealPak/[ICON]/[New2]\cos009A_MaidApron_nopan\chr_body_cos009\mesh -> E:/[Game]/[PC]/THE IDOLM STER STARLIT SEASON/[Tool]/UnrealPak/[ICON]/[New2]\cos009A_MaidApron_nopan\StarlitSeason\Content\Model\Character\Body\Cos\chr_body_cos009\mesh
2024-09-13 23:24:37,642 - INFO - 移动文件：E:/[Game]/[PC]/THE IDOLM STER STARLIT SEASON/[Tool]/UnrealPak/[ICON]/[New2]\cos009A_MaidApron_nopan\chr_body_cos009\M_glove -> E:/[Game]/[PC]/THE IDOLM STER STARLIT SEASON/[Tool]/UnrealPak/[ICON]/[New2]\cos009A_MaidApron_nopan\StarlitSeason\Content\Model\Character\Body\Cos\chr_body_cos009\M_glove
2024-09-13 23:24:37,643 - INFO - 移动文件：E:/[Game]/[PC]/THE IDOLM STER STARLIT SEASON/[Tool]/UnrealPak/[ICON]/[New2]\cos009A_MaidApron_nopan\chr_body_cos009\M_Lingerie -> E:/[Game]/[PC]/THE IDOLM STER STARLIT SEASON/[Tool]/UnrealPak/[ICON]/[New2]\cos009A_MaidApron_nopan\StarlitSeason\Content\Model\Character\Body\Cos\chr_body_cos009\M_Lingerie
2024-09-13 23:24:37,644 - INFO - 移动文件：E:/[Game]/[PC]/THE IDOLM STER STARLIT SEASON/[Tool]/UnrealPak/[ICON]/[New2]\cos009A_MaidApron_nopan\chr_body_cos009\M_Socks -> E:/[Game]/[PC]/THE IDOLM STER STARLIT SEASON/[Tool]/UnrealPak/[ICON]/[New2]\cos009A_MaidApron_nopan\StarlitSeason\Content\Model\Character\Body\Cos\chr_body_cos009\M_Socks
2024-09-13 23:24:37,644 - INFO - 移动文件：E:/[Game]/[PC]/THE IDOLM STER STARLIT SEASON/[Tool]/UnrealPak/[ICON]/[New2]\cos009A_MaidApron_nopan\chr_body_cos009\Texture -> E:/[Game]/[PC]/THE IDOLM STER STARLIT SEASON/[Tool]/UnrealPak/[ICON]/[New2]\cos009A_MaidApron_nopan\StarlitSeason\Content\Model\Character\Body\Cos\chr_body_cos009\Texture
2024-09-13 23:24:37,645 - INFO - 删除空文件夹：E:/[Game]/[PC]/THE IDOLM STER STARLIT SEASON/[Tool]/UnrealPak/[ICON]/[New2]\cos009A_MaidApron_nopan\chr_body_cos009
2024-09-13 23:24:37,648 - INFO - 创建目录：E:/[Game]/[PC]/THE IDOLM STER STARLIT SEASON/[Tool]/UnrealPak/[ICON]/[New2]\cos009A_MaidApron_suke\StarlitSeason\Content\Model\Character\Body\Cos\chr_body_cos003
2024-09-13 23:24:37,650 - INFO - 移动文件：E:/[Game]/[PC]/THE IDOLM STER STARLIT SEASON/[Tool]/UnrealPak/[ICON]/[New2]\cos009A_MaidApron_suke\chr_body_cos003\Texture -> E:/[Game]/[PC]/THE IDOLM STER STARLIT SEASON/[Tool]/UnrealPak/[ICON]/[New2]\cos009A_MaidApron_suke\StarlitSeason\Content\Model\Character\Body\Cos\chr_body_cos003\Texture
2024-09-13 23:24:37,651 - INFO - 删除空文件夹：E:/[Game]/[PC]/THE IDOLM STER STARLIT SEASON/[Tool]/UnrealPak/[ICON]/[New2]\cos009A_MaidApron_suke\chr_body_cos003
2024-09-13 23:24:37,652 - INFO - 创建目录：E:/[Game]/[PC]/THE IDOLM STER STARLIT SEASON/[Tool]/UnrealPak/[ICON]/[New2]\cos009A_MaidApron_suke\StarlitSeason\Content\Model\Character\Body\Cos\chr_body_cos009
2024-09-13 23:24:37,653 - INFO - 移动文件：E:/[Game]/[PC]/THE IDOLM STER STARLIT SEASON/[Tool]/UnrealPak/[ICON]/[New2]\cos009A_MaidApron_suke\chr_body_cos009\Material -> E:/[Game]/[PC]/THE IDOLM STER STARLIT SEASON/[Tool]/UnrealPak/[ICON]/[New2]\cos009A_MaidApron_suke\StarlitSeason\Content\Model\Character\Body\Cos\chr_body_cos009\Material
2024-09-13 23:24:37,654 - INFO - 移动文件：E:/[Game]/[PC]/THE IDOLM STER STARLIT SEASON/[Tool]/UnrealPak/[ICON]/[New2]\cos009A_MaidApron_suke\chr_body_cos009\mesh -> E:/[Game]/[PC]/THE IDOLM STER STARLIT SEASON/[Tool]/UnrealPak/[ICON]/[New2]\cos009A_MaidApron_suke\StarlitSeason\Content\Model\Character\Body\Cos\chr_body_cos009\mesh
2024-09-13 23:24:37,655 - INFO - 移动文件：E:/[Game]/[PC]/THE IDOLM STER STARLIT SEASON/[Tool]/UnrealPak/[ICON]/[New2]\cos009A_MaidApron_suke\chr_body_cos009\M_glove -> E:/[Game]/[PC]/THE IDOLM STER STARLIT SEASON/[Tool]/UnrealPak/[ICON]/[New2]\cos009A_MaidApron_suke\StarlitSeason\Content\Model\Character\Body\Cos\chr_body_cos009\M_glove
2024-09-13 23:24:37,657 - INFO - 移动文件：E:/[Game]/[PC]/THE IDOLM STER STARLIT SEASON/[Tool]/UnrealPak/[ICON]/[New2]\cos009A_MaidApron_suke\chr_body_cos009\M_Socks -> E:/[Game]/[PC]/THE IDOLM STER STARLIT SEASON/[Tool]/UnrealPak/[ICON]/[New2]\cos009A_MaidApron_suke\StarlitSeason\Content\Model\Character\Body\Cos\chr_body_cos009\M_Socks
2024-09-13 23:24:37,658 - INFO - 移动文件：E:/[Game]/[PC]/THE IDOLM STER STARLIT SEASON/[Tool]/UnrealPak/[ICON]/[New2]\cos009A_MaidApron_suke\chr_body_cos009\Texture -> E:/[Game]/[PC]/THE IDOLM STER STARLIT SEASON/[Tool]/UnrealPak/[ICON]/[New2]\cos009A_MaidApron_suke\StarlitSeason\Content\Model\Character\Body\Cos\chr_body_cos009\Texture
2024-09-13 23:24:37,659 - INFO - 删除空文件夹：E:/[Game]/[PC]/THE IDOLM STER STARLIT SEASON/[Tool]/UnrealPak/[ICON]/[New2]\cos009A_MaidApron_suke\chr_body_cos009
2024-09-13 23:24:37,661 - INFO - 移动文件夹：E:/[Game]/[PC]/THE IDOLM STER STARLIT SEASON/[Tool]/UnrealPak/[ICON]/[New2]\Cos009A_nakedApron2_suke50\Model -> E:/[Game]/[PC]/THE IDOLM STER STARLIT SEASON/[Tool]/UnrealPak/[ICON]/[New2]\Cos009A_nakedApron2_suke50\StarlitSeason\Content\Model
2024-09-13 23:24:37,663 - INFO - 移动文件夹：E:/[Game]/[PC]/THE IDOLM STER STARLIT SEASON/[Tool]/UnrealPak/[ICON]/[New2]\Cos009A_nakedApron2_suke75\Model -> E:/[Game]/[PC]/THE IDOLM STER STARLIT SEASON/[Tool]/UnrealPak/[ICON]/[New2]\Cos009A_nakedApron2_suke75\StarlitSeason\Content\Model
2024-09-13 23:24:37,665 - INFO - 移动文件夹：E:/[Game]/[PC]/THE IDOLM STER STARLIT SEASON/[Tool]/UnrealPak/[ICON]/[New2]\Cos009A_nakedApron2_suke90\Model -> E:/[Game]/[PC]/THE IDOLM STER STARLIT SEASON/[Tool]/UnrealPak/[ICON]/[New2]\Cos009A_nakedApron2_suke90\StarlitSeason\Content\Model
2024-09-13 23:24:37,668 - INFO - 移动文件夹：E:/[Game]/[PC]/THE IDOLM STER STARLIT SEASON/[Tool]/UnrealPak/[ICON]/[New2]\cos015B-PearlBikini_R01\Model -> E:/[Game]/[PC]/THE IDOLM STER STARLIT SEASON/[Tool]/UnrealPak/[ICON]/[New2]\cos015B-PearlBikini_R01\StarlitSeason\Content\Model
2024-09-13 23:24:37,671 - INFO - 移动文件夹：E:/[Game]/[PC]/THE IDOLM STER STARLIT SEASON/[Tool]/UnrealPak/[ICON]/[New2]\Cos015_MiniWedding_notight\Model -> E:/[Game]/[PC]/THE IDOLM STER STARLIT SEASON/[Tool]/UnrealPak/[ICON]/[New2]\Cos015_MiniWedding_notight\StarlitSeason\Content\Model
2024-09-13 23:24:37,673 - INFO - 移动文件夹：E:/[Game]/[PC]/THE IDOLM STER STARLIT SEASON/[Tool]/UnrealPak/[ICON]/[New2]\Cos015_MiniWedding_notight_nopan\Model -> E:/[Game]/[PC]/THE IDOLM STER STARLIT SEASON/[Tool]/UnrealPak/[ICON]/[New2]\Cos015_MiniWedding_notight_nopan\StarlitSeason\Content\Model
2024-09-13 23:24:37,675 - INFO - 移动文件夹：E:/[Game]/[PC]/THE IDOLM STER STARLIT SEASON/[Tool]/UnrealPak/[ICON]/[New2]\Cos015_MiniWedding_suke\Model -> E:/[Game]/[PC]/THE IDOLM STER STARLIT SEASON/[Tool]/UnrealPak/[ICON]/[New2]\Cos015_MiniWedding_suke\StarlitSeason\Content\Model
2024-09-13 23:24:37,677 - INFO - 移动文件夹：E:/[Game]/[PC]/THE IDOLM STER STARLIT SEASON/[Tool]/UnrealPak/[ICON]/[New2]\Cos015_MiniWedding_suke_notight\Model -> E:/[Game]/[PC]/THE IDOLM STER STARLIT SEASON/[Tool]/UnrealPak/[ICON]/[New2]\Cos015_MiniWedding_suke_notight\StarlitSeason\Content\Model
2024-09-13 23:24:37,680 - INFO - 创建目录：E:/[Game]/[PC]/THE IDOLM STER STARLIT SEASON/[Tool]/UnrealPak/[ICON]/[New2]\cos020A_nurse\StarlitSeason\Content\Model\Character\Body\Cos\chr_body_cos003
2024-09-13 23:24:37,681 - INFO - 移动文件：E:/[Game]/[PC]/THE IDOLM STER STARLIT SEASON/[Tool]/UnrealPak/[ICON]/[New2]\cos020A_nurse\chr_body_cos003\Material -> E:/[Game]/[PC]/THE IDOLM STER STARLIT SEASON/[Tool]/UnrealPak/[ICON]/[New2]\cos020A_nurse\StarlitSeason\Content\Model\Character\Body\Cos\chr_body_cos003\Material
2024-09-13 23:24:37,682 - INFO - 移动文件：E:/[Game]/[PC]/THE IDOLM STER STARLIT SEASON/[Tool]/UnrealPak/[ICON]/[New2]\cos020A_nurse\chr_body_cos003\Texture -> E:/[Game]/[PC]/THE IDOLM STER STARLIT SEASON/[Tool]/UnrealPak/[ICON]/[New2]\cos020A_nurse\StarlitSeason\Content\Model\Character\Body\Cos\chr_body_cos003\Texture
2024-09-13 23:24:37,683 - INFO - 删除空文件夹：E:/[Game]/[PC]/THE IDOLM STER STARLIT SEASON/[Tool]/UnrealPak/[ICON]/[New2]\cos020A_nurse\chr_body_cos003
2024-09-13 23:24:37,683 - INFO - 创建目录：E:/[Game]/[PC]/THE IDOLM STER STARLIT SEASON/[Tool]/UnrealPak/[ICON]/[New2]\cos020A_nurse\StarlitSeason\Content\Model\Character\Body\Cos\chr_body_cos020
2024-09-13 23:24:37,684 - INFO - 移动文件：E:/[Game]/[PC]/THE IDOLM STER STARLIT SEASON/[Tool]/UnrealPak/[ICON]/[New2]\cos020A_nurse\chr_body_cos020\Material -> E:/[Game]/[PC]/THE IDOLM STER STARLIT SEASON/[Tool]/UnrealPak/[ICON]/[New2]\cos020A_nurse\StarlitSeason\Content\Model\Character\Body\Cos\chr_body_cos020\Material
2024-09-13 23:24:37,685 - INFO - 移动文件：E:/[Game]/[PC]/THE IDOLM STER STARLIT SEASON/[Tool]/UnrealPak/[ICON]/[New2]\cos020A_nurse\chr_body_cos020\Mesh -> E:/[Game]/[PC]/THE IDOLM STER STARLIT SEASON/[Tool]/UnrealPak/[ICON]/[New2]\cos020A_nurse\StarlitSeason\Content\Model\Character\Body\Cos\chr_body_cos020\Mesh
2024-09-13 23:24:37,686 - INFO - 移动文件：E:/[Game]/[PC]/THE IDOLM STER STARLIT SEASON/[Tool]/UnrealPak/[ICON]/[New2]\cos020A_nurse\chr_body_cos020\M_fishnet -> E:/[Game]/[PC]/THE IDOLM STER STARLIT SEASON/[Tool]/UnrealPak/[ICON]/[New2]\cos020A_nurse\StarlitSeason\Content\Model\Character\Body\Cos\chr_body_cos020\M_fishnet
2024-09-13 23:24:37,687 - INFO - 移动文件：E:/[Game]/[PC]/THE IDOLM STER STARLIT SEASON/[Tool]/UnrealPak/[ICON]/[New2]\cos020A_nurse\chr_body_cos020\M_glove -> E:/[Game]/[PC]/THE IDOLM STER STARLIT SEASON/[Tool]/UnrealPak/[ICON]/[New2]\cos020A_nurse\StarlitSeason\Content\Model\Character\Body\Cos\chr_body_cos020\M_glove
2024-09-13 23:24:37,688 - INFO - 移动文件：E:/[Game]/[PC]/THE IDOLM STER STARLIT SEASON/[Tool]/UnrealPak/[ICON]/[New2]\cos020A_nurse\chr_body_cos020\M_Lingerie -> E:/[Game]/[PC]/THE IDOLM STER STARLIT SEASON/[Tool]/UnrealPak/[ICON]/[New2]\cos020A_nurse\StarlitSeason\Content\Model\Character\Body\Cos\chr_body_cos020\M_Lingerie
2024-09-13 23:24:37,689 - INFO - 移动文件：E:/[Game]/[PC]/THE IDOLM STER STARLIT SEASON/[Tool]/UnrealPak/[ICON]/[New2]\cos020A_nurse\chr_body_cos020\M_Socks -> E:/[Game]/[PC]/THE IDOLM STER STARLIT SEASON/[Tool]/UnrealPak/[ICON]/[New2]\cos020A_nurse\StarlitSeason\Content\Model\Character\Body\Cos\chr_body_cos020\M_Socks
2024-09-13 23:24:37,691 - INFO - 移动文件：E:/[Game]/[PC]/THE IDOLM STER STARLIT SEASON/[Tool]/UnrealPak/[ICON]/[New2]\cos020A_nurse\chr_body_cos020\Texture -> E:/[Game]/[PC]/THE IDOLM STER STARLIT SEASON/[Tool]/UnrealPak/[ICON]/[New2]\cos020A_nurse\StarlitSeason\Content\Model\Character\Body\Cos\chr_body_cos020\Texture
2024-09-13 23:24:37,691 - INFO - 删除空文件夹：E:/[Game]/[PC]/THE IDOLM STER STARLIT SEASON/[Tool]/UnrealPak/[ICON]/[New2]\cos020A_nurse\chr_body_cos020
2024-09-13 23:24:38,655 - INFO - 文件夹重构已完成
2024-09-13 23:27:58,848 - INFO - 选择的目录：E:/[Game]/[PC]/THE IDOLM STER STARLIT SEASON/[Tool]/UnrealPak/[ICON]/[F]
2024-09-13 23:28:37,958 - INFO - 选择的目录：E:/[Game]/[PC]/THE IDOLM STER STARLIT SEASON/[Tool]/UnrealPak/[ICON]/[F]/新建文件夹
2024-09-13 23:28:38,850 - INFO - 开始处理目录：E:/[Game]/[PC]/THE IDOLM STER STARLIT SEASON/[Tool]/UnrealPak/[ICON]/[F]/新建文件夹
2024-09-13 23:28:38,852 - INFO - 从文件 SK_chr_body_cos012_a_01.uasset 中提取到名称：chr_body_cos012
2024-09-13 23:28:38,855 - INFO - 创建目录：E:/[Game]/[PC]/THE IDOLM STER STARLIT SEASON/[Tool]/UnrealPak/[ICON]/[F]/新建文件夹\1021 - schoolmizugi\StarlitSeason\Content\Model\Character\Body\Cos\chr_body_cos012\Mesh
2024-09-13 23:28:38,856 - INFO - 移动文件夹：E:/[Game]/[PC]/THE IDOLM STER STARLIT SEASON/[Tool]/UnrealPak/[ICON]/[F]/新建文件夹\1021 - schoolmizugi\Mesh -> E:/[Game]/[PC]/THE IDOLM STER STARLIT SEASON/[Tool]/UnrealPak/[ICON]/[F]/新建文件夹\1021 - schoolmizugi\StarlitSeason\Content\Model\Character\Body\Cos\chr_body_cos012\Mesh
2024-09-13 23:28:38,857 - INFO - 创建目录：E:/[Game]/[PC]/THE IDOLM STER STARLIT SEASON/[Tool]/UnrealPak/[ICON]/[F]/新建文件夹\1021 - schoolmizugi\StarlitSeason\Content\Model\Character\Body\Cos\chr_body_cos012\Texture
2024-09-13 23:28:38,858 - INFO - 移动文件夹：E:/[Game]/[PC]/THE IDOLM STER STARLIT SEASON/[Tool]/UnrealPak/[ICON]/[F]/新建文件夹\1021 - schoolmizugi\Texture -> E:/[Game]/[PC]/THE IDOLM STER STARLIT SEASON/[Tool]/UnrealPak/[ICON]/[F]/新建文件夹\1021 - schoolmizugi\StarlitSeason\Content\Model\Character\Body\Cos\chr_body_cos012\Texture
2024-09-13 23:28:39,833 - INFO - 文件夹重构已完成
2024-09-13 23:42:05,692 - INFO - 选择的目录：E:/[Game]/[PC]/THE IDOLM STER STARLIT SEASON/[Tool]/UnrealPak/[ICON]/新建文件夹
2024-09-13 23:42:21,697 - INFO - 开始处理目录：E:/[Game]/[PC]/THE IDOLM STER STARLIT SEASON/[Tool]/UnrealPak/[ICON]/新建文件夹
2024-09-13 23:42:21,698 - INFO - 从文件 SK_chr_body_cos110_a_01.uasset 中提取到名称：chr_body_cos110
2024-09-13 23:42:21,700 - INFO - 创建目录：E:/[Game]/[PC]/THE IDOLM STER STARLIT SEASON/[Tool]/UnrealPak/[ICON]/新建文件夹\1020 - 体操服\StarlitSeason\Content\Model\Character\Body\Cos\chr_body_cos110
2024-09-13 23:42:21,701 - INFO - 移动文件夹：E:/[Game]/[PC]/THE IDOLM STER STARLIT SEASON/[Tool]/UnrealPak/[ICON]/新建文件夹\1020 - 体操服\Mesh -> E:/[Game]/[PC]/THE IDOLM STER STARLIT SEASON/[Tool]/UnrealPak/[ICON]/新建文件夹\1020 - 体操服\StarlitSeason\Content\Model\Character\Body\Cos\chr_body_cos110\Mesh
2024-09-13 23:42:21,702 - INFO - 移动文件夹：E:/[Game]/[PC]/THE IDOLM STER STARLIT SEASON/[Tool]/UnrealPak/[ICON]/新建文件夹\1020 - 体操服\Texture -> E:/[Game]/[PC]/THE IDOLM STER STARLIT SEASON/[Tool]/UnrealPak/[ICON]/新建文件夹\1020 - 体操服\StarlitSeason\Content\Model\Character\Body\Cos\chr_body_cos110\Texture
2024-09-13 23:42:22,651 - INFO - 文件夹重构已完成
2024-09-13 23:47:01,064 - INFO - 选择的目录：E:/[Game]/[PC]/THE IDOLM STER STARLIT SEASON/[Tool]/UnrealPak/[ICON]/新建文件夹
2024-09-13 23:47:02,064 - INFO - 开始处理目录：E:/[Game]/[PC]/THE IDOLM STER STARLIT SEASON/[Tool]/UnrealPak/[ICON]/新建文件夹
2024-09-13 23:47:02,066 - INFO - 创建目录：E:/[Game]/[PC]/THE IDOLM STER STARLIT SEASON/[Tool]/UnrealPak/[ICON]/新建文件夹\1020 - 体操服\StarlitSeason\Content\Model\Character
2024-09-13 23:47:02,067 - INFO - 移动文件夹：E:/[Game]/[PC]/THE IDOLM STER STARLIT SEASON/[Tool]/UnrealPak/[ICON]/新建文件夹\1020 - 体操服\Body -> E:/[Game]/[PC]/THE IDOLM STER STARLIT SEASON/[Tool]/UnrealPak/[ICON]/新建文件夹\1020 - 体操服\StarlitSeason\Content\Model\Character\Body
2024-09-13 23:47:02,068 - INFO - 移动文件夹：E:/[Game]/[PC]/THE IDOLM STER STARLIT SEASON/[Tool]/UnrealPak/[ICON]/新建文件夹\1020 - 体操服\Common -> E:/[Game]/[PC]/THE IDOLM STER STARLIT SEASON/[Tool]/UnrealPak/[ICON]/新建文件夹\1020 - 体操服\StarlitSeason\Content\Model\Character\Common
2024-09-13 23:47:02,979 - INFO - 文件夹重构已完成
2024-09-14 00:11:34,863 - INFO - 选择的目录：E:/[Game]/[PC]/THE IDOLM STER STARLIT SEASON/[Tool]/UnrealPak/[ICON]/Mod文件夹重构
2024-09-14 00:11:35,555 - INFO - 开始处理目录：E:/[Game]/[PC]/THE IDOLM STER STARLIT SEASON/[Tool]/UnrealPak/[ICON]/Mod文件夹重构
2024-09-14 00:11:35,556 - INFO - 从文件 SK_chr_body_cos012_a_01.uasset 中提取到名称：chr_body_cos012
2024-09-14 00:11:35,559 - INFO - 创建目录：E:/[Game]/[PC]/THE IDOLM STER STARLIT SEASON/[Tool]/UnrealPak/[ICON]/Mod文件夹重构\1021 - スク`ル水着\StarlitSeason\Content\Model\Character\Body\Cos\chr_body_cos012
2024-09-14 00:11:35,560 - INFO - 移动文件夹：E:/[Game]/[PC]/THE IDOLM STER STARLIT SEASON/[Tool]/UnrealPak/[ICON]/Mod文件夹重构\1021 - スク`ル水着\Mesh -> E:/[Game]/[PC]/THE IDOLM STER STARLIT SEASON/[Tool]/UnrealPak/[ICON]/Mod文件夹重构\1021 - スク`ル水着\StarlitSeason\Content\Model\Character\Body\Cos\chr_body_cos012\Mesh
2024-09-14 00:11:35,562 - INFO - 移动文件夹：E:/[Game]/[PC]/THE IDOLM STER STARLIT SEASON/[Tool]/UnrealPak/[ICON]/Mod文件夹重构\1021 - スク`ル水着\Texture -> E:/[Game]/[PC]/THE IDOLM STER STARLIT SEASON/[Tool]/UnrealPak/[ICON]/Mod文件夹重构\1021 - スク`ル水着\StarlitSeason\Content\Model\Character\Body\Cos\chr_body_cos012\Texture
2024-09-14 00:11:36,218 - INFO - 文件夹重构已完成
